<?xml version="1.0" encoding="UTF-8"?>
<testng-results ignored="0" total="4" passed="4" failed="0" skipped="0">
  <reporter-output>
  </reporter-output>
  <suite started-at="2024-04-01T17:05:28 IST" name="Default suite" finished-at="2024-04-01T17:06:08 IST" duration-ms="39392">
    <groups>
      <group name="cucumber">
        <method signature="AbstractTestNGCucumberTests.runScenario(io.cucumber.testng.PickleWrapper,io.cucumber.testng.FeatureWrapper)[pri:0, instance:Runner.Hotel@33ecda92]" name="runScenario" class="io.cucumber.testng.AbstractTestNGCucumberTests"/>
      </group> <!-- cucumber -->
    </groups>
    <test started-at="2024-04-01T17:05:28 IST" name="Default test" finished-at="2024-04-01T17:06:08 IST" duration-ms="39392">
      <class name="Runner.Hotel">
        <test-method is-config="true" signature="setUpClass(org.testng.ITestContext)[pri:0, instance:Runner.Hotel@33ecda92]" started-at="2024-04-01T17:05:28 IST" name="setUpClass" finished-at="2024-04-01T17:05:29 IST" duration-ms="197" status="PASS">
          <params>
            <param index="0">
              <value>
                <![CDATA[org.testng.TestRunner@309dcdf3]]>
              </value>
            </param>
          </params>
          <reporter-output>
          </reporter-output>
        </test-method> <!-- setUpClass -->
        <test-method signature="runScenario(io.cucumber.testng.PickleWrapper,io.cucumber.testng.FeatureWrapper)[pri:0, instance:Runner.Hotel@33ecda92]" started-at="2024-04-01T17:05:29 IST" name="runScenario" description="Runs Cucumber Scenarios" data-provider="scenarios" finished-at="2024-04-01T17:05:37 IST" duration-ms="8642" status="PASS">
          <params>
            <param index="0">
              <value>
                <![CDATA["Hotel Booking in Ixigo Website"]]>
              </value>
            </param>
            <param index="1">
              <value>
                <![CDATA["Hotel Booking in Ixigo Website"]]>
              </value>
            </param>
          </params>
          <reporter-output>
          </reporter-output>
        </test-method> <!-- runScenario -->
        <test-method signature="runScenario(io.cucumber.testng.PickleWrapper,io.cucumber.testng.FeatureWrapper)[pri:0, instance:Runner.Hotel@33ecda92]" started-at="2024-04-01T17:05:37 IST" name="runScenario" description="Runs Cucumber Scenarios" data-provider="scenarios" finished-at="2024-04-01T17:05:47 IST" duration-ms="10158" status="PASS">
          <params>
            <param index="0">
              <value>
                <![CDATA["Entering destination"]]>
              </value>
            </param>
            <param index="1">
              <value>
                <![CDATA["Hotel Booking in Ixigo Website"]]>
              </value>
            </param>
          </params>
          <reporter-output>
          </reporter-output>
        </test-method> <!-- runScenario -->
        <test-method signature="runScenario(io.cucumber.testng.PickleWrapper,io.cucumber.testng.FeatureWrapper)[pri:0, instance:Runner.Hotel@33ecda92]" started-at="2024-04-01T17:05:47 IST" name="runScenario" description="Runs Cucumber Scenarios" data-provider="scenarios" finished-at="2024-04-01T17:05:56 IST" duration-ms="9073" status="PASS">
          <params>
            <param index="0">
              <value>
                <![CDATA["Search for a hotel"]]>
              </value>
            </param>
            <param index="1">
              <value>
                <![CDATA["Hotel Booking in Ixigo Website"]]>
              </value>
            </param>
          </params>
          <reporter-output>
          </reporter-output>
        </test-method> <!-- runScenario -->
        <test-method signature="runScenario(io.cucumber.testng.PickleWrapper,io.cucumber.testng.FeatureWrapper)[pri:0, instance:Runner.Hotel@33ecda92]" started-at="2024-04-01T17:05:56 IST" name="runScenario" description="Runs Cucumber Scenarios" data-provider="scenarios" finished-at="2024-04-01T17:06:07 IST" duration-ms="11033" status="PASS">
          <params>
            <param index="0">
              <value>
                <![CDATA["Invalid Destination"]]>
              </value>
            </param>
            <param index="1">
              <value>
                <![CDATA["Hotel Booking in Ixigo Website"]]>
              </value>
            </param>
          </params>
          <reporter-output>
          </reporter-output>
        </test-method> <!-- runScenario -->
        <test-method is-config="true" signature="tearDownClass()[pri:0, instance:Runner.Hotel@33ecda92]" started-at="2024-04-01T17:06:07 IST" name="tearDownClass" finished-at="2024-04-01T17:06:08 IST" duration-ms="235" status="PASS">
          <reporter-output>
          </reporter-output>
        </test-method> <!-- tearDownClass -->
      </class> <!-- Runner.Hotel -->
    </test> <!-- Default test -->
  </suite> <!-- Default suite -->
</testng-results>
